# JRE version: Java(TM) SE Runtime Environment (21.0.3+7) (build 21.0.3+7-LTS-152)
# Java VM: Java HotSpot(TM) 64-Bit Server VM (21.0.3+7-LTS-152, mixed mode, sharing, tiered, compressed oops, compressed class ptrs, parallel gc, windows-amd64)
GC Precious Log:
 CardTable entry size: 512
 CPUs: 6 total, 6 available
 Memory: 7973M
 Large Page Support: Disabled
 NUMA Support: Disabled
 Compressed Oops: Enabled (32-bit)
 Alignments: Space 512K, Generation 512K, Heap 2M
 Heap Min Capacity: 100M
 Heap Initial Capacity: 100M
 Heap Max Capacity: 1G
 Pre-touch: Disabled
 Parallel Workers: 6
Heap:
 PSYoungGen      total 23552K, used 7210K [0x00000000eab00000, 0x00000000ec600000, 0x0000000100000000)
  eden space 22016K, 25% used [0x00000000eab00000,0x00000000eb095940,0x00000000ec080000)
  from space 1536K, 97% used [0x00000000ec400000,0x00000000ec575020,0x00000000ec580000)
  to   space 512K, 0% used [0x00000000ec580000,0x00000000ec580000,0x00000000ec600000)
 ParOldGen       total 68608K, used 20025K [0x00000000c0000000, 0x00000000c4300000, 0x00000000eab00000)
  object space 68608K, 29% used [0x00000000c0000000,0x00000000c138e7a8,0x00000000c4300000)
 Metaspace       used 40857K, committed 41984K, reserved 1114112K
  class space    used 4241K, committed 4672K, reserved 1048576K
GC Heap History (20 events):
Event: 7.444 GC heap before
{Heap before GC invocations=8 (full 1):
 PSYoungGen      total 28672K, used 3924K [0x00000000eab00000, 0x00000000ecc00000, 0x0000000100000000)
  eden space 24576K, 0% used [0x00000000eab00000,0x00000000eab00000,0x00000000ec300000)
  from space 4096K, 95% used [0x00000000ec400000,0x00000000ec7d5278,0x00000000ec800000)
  to   space 4096K, 0% used [0x00000000ec800000,0x00000000ec800000,0x00000000ecc00000)
 ParOldGen       total 68608K, used 10491K [0x00000000c0000000, 0x00000000c4300000, 0x00000000eab00000)
  object space 68608K, 15% used [0x00000000c0000000,0x00000000c0a3ef58,0x00000000c4300000)
 Metaspace       used 20691K, committed 21504K, reserved 1114112K
  class space    used 2073K, committed 2432K, reserved 1048576K
}
Event: 7.474 GC heap after
{Heap after GC invocations=8 (full 1):
 PSYoungGen      total 28672K, used 0K [0x00000000eab00000, 0x00000000ecc00000, 0x0000000100000000)
  eden space 24576K, 0% used [0x00000000eab00000,0x00000000eab00000,0x00000000ec300000)
  from space 4096K, 0% used [0x00000000ec400000,0x00000000ec400000,0x00000000ec800000)
  to   space 4096K, 0% used [0x00000000ec800000,0x00000000ec800000,0x00000000ecc00000)
 ParOldGen       total 68608K, used 13864K [0x00000000c0000000, 0x00000000c4300000, 0x00000000eab00000)
  object space 68608K, 20% used [0x00000000c0000000,0x00000000c0d8a000,0x00000000c4300000)
 Metaspace       used 20679K, committed 21504K, reserved 1114112K
  class space    used 2070K, committed 2432K, reserved 1048576K
}
Event: 8.432 GC heap before
{Heap before GC invocations=9 (full 1):
 PSYoungGen      total 28672K, used 24483K [0x00000000eab00000, 0x00000000ecc00000, 0x0000000100000000)
  eden space 24576K, 99% used [0x00000000eab00000,0x00000000ec2e8cd0,0x00000000ec300000)
  from space 4096K, 0% used [0x00000000ec400000,0x00000000ec400000,0x00000000ec800000)
  to   space 4096K, 0% used [0x00000000ec800000,0x00000000ec800000,0x00000000ecc00000)
 ParOldGen       total 68608K, used 13864K [0x00000000c0000000, 0x00000000c4300000, 0x00000000eab00000)
  object space 68608K, 20% used [0x00000000c0000000,0x00000000c0d8a000,0x00000000c4300000)
 Metaspace       used 23033K, committed 24000K, reserved 1114112K
  class space    used 2240K, committed 2624K, reserved 1048576K
}
Event: 8.433 GC heap after
{Heap after GC invocations=9 (full 1):
 PSYoungGen      total 25088K, used 966K [0x00000000eab00000, 0x00000000ec900000, 0x0000000100000000)
  eden space 24064K, 0% used [0x00000000eab00000,0x00000000eab00000,0x00000000ec280000)
  from space 1024K, 94% used [0x00000000ec800000,0x00000000ec8f1a30,0x00000000ec900000)
  to   space 2560K, 0% used [0x00000000ec400000,0x00000000ec400000,0x00000000ec680000)
 ParOldGen       total 68608K, used 13872K [0x00000000c0000000, 0x00000000c4300000, 0x00000000eab00000)
  object space 68608K, 20% used [0x00000000c0000000,0x00000000c0d8c000,0x00000000c4300000)
 Metaspace       used 23033K, committed 24000K, reserved 1114112K
  class space    used 2240K, committed 2624K, reserved 1048576K
}
Event: 9.513 GC heap before
{Heap before GC invocations=10 (full 1):
 PSYoungGen      total 25088K, used 24930K [0x00000000eab00000, 0x00000000ec900000, 0x0000000100000000)
  eden space 24064K, 99% used [0x00000000eab00000,0x00000000ec266fd8,0x00000000ec280000)
  from space 1024K, 94% used [0x00000000ec800000,0x00000000ec8f1a30,0x00000000ec900000)
  to   space 2560K, 0% used [0x00000000ec400000,0x00000000ec400000,0x00000000ec680000)
 ParOldGen       total 68608K, used 13872K [0x00000000c0000000, 0x00000000c4300000, 0x00000000eab00000)
  object space 68608K, 20% used [0x00000000c0000000,0x00000000c0d8c000,0x00000000c4300000)
 Metaspace       used 26811K, committed 27776K, reserved 1114112K
  class space    used 2646K, committed 3072K, reserved 1048576K
}
Event: 9.514 GC heap after
{Heap after GC invocations=10 (full 1):
 PSYoungGen      total 26112K, used 1179K [0x00000000eab00000, 0x00000000ec880000, 0x0000000100000000)
  eden space 23552K, 0% used [0x00000000eab00000,0x00000000eab00000,0x00000000ec200000)
  from space 2560K, 46% used [0x00000000ec400000,0x00000000ec526e68,0x00000000ec680000)
  to   space 1536K, 0% used [0x00000000ec700000,0x00000000ec700000,0x00000000ec880000)
 ParOldGen       total 68608K, used 13872K [0x00000000c0000000, 0x00000000c4300000, 0x00000000eab00000)
  object space 68608K, 20% used [0x00000000c0000000,0x00000000c0d8c000,0x00000000c4300000)
 Metaspace       used 26811K, committed 27776K, reserved 1114112K
  class space    used 2646K, committed 3072K, reserved 1048576K
}
Event: 9.863 GC heap before
{Heap before GC invocations=11 (full 1):
 PSYoungGen      total 26112K, used 24731K [0x00000000eab00000, 0x00000000ec880000, 0x0000000100000000)
  eden space 23552K, 100% used [0x00000000eab00000,0x00000000ec200000,0x00000000ec200000)
  from space 2560K, 46% used [0x00000000ec400000,0x00000000ec526e68,0x00000000ec680000)
  to   space 1536K, 0% used [0x00000000ec700000,0x00000000ec700000,0x00000000ec880000)
 ParOldGen       total 68608K, used 13872K [0x00000000c0000000, 0x00000000c4300000, 0x00000000eab00000)
  object space 68608K, 20% used [0x00000000c0000000,0x00000000c0d8c000,0x00000000c4300000)
 Metaspace       used 28482K, committed 29440K, reserved 1114112K
  class space    used 2796K, committed 3200K, reserved 1048576K
}
Event: 9.864 GC heap after
{Heap after GC invocations=11 (full 1):
 PSYoungGen      total 24576K, used 1467K [0x00000000eab00000, 0x00000000ec880000, 0x0000000100000000)
  eden space 23040K, 0% used [0x00000000eab00000,0x00000000eab00000,0x00000000ec180000)
  from space 1536K, 95% used [0x00000000ec700000,0x00000000ec86eda0,0x00000000ec880000)
  to   space 1536K, 0% used [0x00000000ec580000,0x00000000ec580000,0x00000000ec700000)
 ParOldGen       total 68608K, used 15236K [0x00000000c0000000, 0x00000000c4300000, 0x00000000eab00000)
  object space 68608K, 22% used [0x00000000c0000000,0x00000000c0ee11d8,0x00000000c4300000)
 Metaspace       used 28482K, committed 29440K, reserved 1114112K
  class space    used 2796K, committed 3200K, reserved 1048576K
}
Event: 10.451 GC heap before
{Heap before GC invocations=12 (full 1):
 PSYoungGen      total 24576K, used 24507K [0x00000000eab00000, 0x00000000ec880000, 0x0000000100000000)
  eden space 23040K, 100% used [0x00000000eab00000,0x00000000ec180000,0x00000000ec180000)
  from space 1536K, 95% used [0x00000000ec700000,0x00000000ec86eda0,0x00000000ec880000)
  to   space 1536K, 0% used [0x00000000ec580000,0x00000000ec580000,0x00000000ec700000)
 ParOldGen       total 68608K, used 15236K [0x00000000c0000000, 0x00000000c4300000, 0x00000000eab00000)
  object space 68608K, 22% used [0x00000000c0000000,0x00000000c0ee11d8,0x00000000c4300000)
 Metaspace       used 30124K, committed 31040K, reserved 1114112K
  class space    used 2954K, committed 3328K, reserved 1048576K
}
Event: 10.453 GC heap after
{Heap after GC invocations=12 (full 1):
 PSYoungGen      total 23552K, used 942K [0x00000000eab00000, 0x00000000ec780000, 0x0000000100000000)
  eden space 22528K, 0% used [0x00000000eab00000,0x00000000eab00000,0x00000000ec100000)
  from space 1024K, 92% used [0x00000000ec580000,0x00000000ec66bbb8,0x00000000ec680000)
  to   space 1024K, 0% used [0x00000000ec680000,0x00000000ec680000,0x00000000ec780000)
 ParOldGen       total 68608K, used 16627K [0x00000000c0000000, 0x00000000c4300000, 0x00000000eab00000)
  object space 68608K, 24% used [0x00000000c0000000,0x00000000c103cfc8,0x00000000c4300000)
 Metaspace       used 30124K, committed 31040K, reserved 1114112K
  class space    used 2954K, committed 3328K, reserved 1048576K
}
Event: 10.843 GC heap before
{Heap before GC invocations=13 (full 1):
 PSYoungGen      total 23552K, used 23470K [0x00000000eab00000, 0x00000000ec780000, 0x0000000100000000)
  eden space 22528K, 100% used [0x00000000eab00000,0x00000000ec100000,0x00000000ec100000)
  from space 1024K, 92% used [0x00000000ec580000,0x00000000ec66bbb8,0x00000000ec680000)
  to   space 1024K, 0% used [0x00000000ec680000,0x00000000ec680000,0x00000000ec780000)
 ParOldGen       total 68608K, used 16627K [0x00000000c0000000, 0x00000000c4300000, 0x00000000eab00000)
  object space 68608K, 24% used [0x00000000c0000000,0x00000000c103cfc8,0x00000000c4300000)
 Metaspace       used 32657K, committed 33600K, reserved 1114112K
  class space    used 3242K, committed 3648K, reserved 1048576K
}
Event: 10.844 GC heap after
{Heap after GC invocations=13 (full 1):
 PSYoungGen      total 23040K, used 1015K [0x00000000eab00000, 0x00000000ec780000, 0x0000000100000000)
  eden space 22016K, 0% used [0x00000000eab00000,0x00000000eab00000,0x00000000ec080000)
  from space 1024K, 99% used [0x00000000ec680000,0x00000000ec77df18,0x00000000ec780000)
  to   space 2048K, 0% used [0x00000000ec380000,0x00000000ec380000,0x00000000ec580000)
 ParOldGen       total 68608K, used 17344K [0x00000000c0000000, 0x00000000c4300000, 0x00000000eab00000)
  object space 68608K, 25% used [0x00000000c0000000,0x00000000c10f0000,0x00000000c4300000)
 Metaspace       used 32657K, committed 33600K, reserved 1114112K
  class space    used 3242K, committed 3648K, reserved 1048576K
}
Event: 11.239 GC heap before
{Heap before GC invocations=14 (full 1):
 PSYoungGen      total 23040K, used 15355K [0x00000000eab00000, 0x00000000ec780000, 0x0000000100000000)
  eden space 22016K, 65% used [0x00000000eab00000,0x00000000eb900dd0,0x00000000ec080000)
  from space 1024K, 99% used [0x00000000ec680000,0x00000000ec77df18,0x00000000ec780000)
  to   space 2048K, 0% used [0x00000000ec380000,0x00000000ec380000,0x00000000ec580000)
 ParOldGen       total 68608K, used 17344K [0x00000000c0000000, 0x00000000c4300000, 0x00000000eab00000)
  object space 68608K, 25% used [0x00000000c0000000,0x00000000c10f0000,0x00000000c4300000)
 Metaspace       used 34897K, committed 35840K, reserved 1114112K
  class space    used 3497K, committed 3904K, reserved 1048576K
}
Event: 11.240 GC heap after
{Heap after GC invocations=14 (full 1):
 PSYoungGen      total 24064K, used 736K [0x00000000eab00000, 0x00000000ec700000, 0x0000000100000000)
  eden space 22016K, 0% used [0x00000000eab00000,0x00000000eab00000,0x00000000ec080000)
  from space 2048K, 35% used [0x00000000ec380000,0x00000000ec438000,0x00000000ec580000)
  to   space 1536K, 0% used [0x00000000ec580000,0x00000000ec580000,0x00000000ec700000)
 ParOldGen       total 68608K, used 18299K [0x00000000c0000000, 0x00000000c4300000, 0x00000000eab00000)
  object space 68608K, 26% used [0x00000000c0000000,0x00000000c11dee90,0x00000000c4300000)
 Metaspace       used 34897K, committed 35840K, reserved 1114112K
  class space    used 3497K, committed 3904K, reserved 1048576K
}
Event: 11.240 GC heap before
{Heap before GC invocations=15 (full 2):
 PSYoungGen      total 24064K, used 736K [0x00000000eab00000, 0x00000000ec700000, 0x0000000100000000)
  eden space 22016K, 0% used [0x00000000eab00000,0x00000000eab00000,0x00000000ec080000)
  from space 2048K, 35% used [0x00000000ec380000,0x00000000ec438000,0x00000000ec580000)
  to   space 1536K, 0% used [0x00000000ec580000,0x00000000ec580000,0x00000000ec700000)
 ParOldGen       total 68608K, used 18299K [0x00000000c0000000, 0x00000000c4300000, 0x00000000eab00000)
  object space 68608K, 26% used [0x00000000c0000000,0x00000000c11dee90,0x00000000c4300000)
 Metaspace       used 34897K, committed 35840K, reserved 1114112K
  class space    used 3497K, committed 3904K, reserved 1048576K
}
Event: 11.268 GC heap after
{Heap after GC invocations=15 (full 2):
 PSYoungGen      total 24064K, used 0K [0x00000000eab00000, 0x00000000ec700000, 0x0000000100000000)
  eden space 22016K, 0% used [0x00000000eab00000,0x00000000eab00000,0x00000000ec080000)
  from space 2048K, 0% used [0x00000000ec380000,0x00000000ec380000,0x00000000ec580000)
  to   space 1536K, 0% used [0x00000000ec580000,0x00000000ec580000,0x00000000ec700000)
 ParOldGen       total 68608K, used 18726K [0x00000000c0000000, 0x00000000c4300000, 0x00000000eab00000)
  object space 68608K, 27% used [0x00000000c0000000,0x00000000c1249bb0,0x00000000c4300000)
 Metaspace       used 34897K, committed 35840K, reserved 1114112K
  class space    used 3497K, committed 3904K, reserved 1048576K
}
Event: 11.547 GC heap before
{Heap before GC invocations=16 (full 2):
 PSYoungGen      total 24064K, used 22016K [0x00000000eab00000, 0x00000000ec700000, 0x0000000100000000)
  eden space 22016K, 100% used [0x00000000eab00000,0x00000000ec080000,0x00000000ec080000)
  from space 2048K, 0% used [0x00000000ec380000,0x00000000ec380000,0x00000000ec580000)
  to   space 1536K, 0% used [0x00000000ec580000,0x00000000ec580000,0x00000000ec700000)
 ParOldGen       total 68608K, used 18727K [0x00000000c0000000, 0x00000000c4300000, 0x00000000eab00000)
  object space 68608K, 27% used [0x00000000c0000000,0x00000000c1249d58,0x00000000c4300000)
 Metaspace       used 37787K, committed 38848K, reserved 1114112K
  class space    used 3844K, committed 4288K, reserved 1048576K
}
Event: 11.548 GC heap after
{Heap after GC invocations=16 (full 2):
 PSYoungGen      total 23552K, used 1353K [0x00000000eab00000, 0x00000000ec700000, 0x0000000100000000)
  eden space 22016K, 0% used [0x00000000eab00000,0x00000000eab00000,0x00000000ec080000)
  from space 1536K, 88% used [0x00000000ec580000,0x00000000ec6d2648,0x00000000ec700000)
  to   space 1536K, 0% used [0x00000000ec400000,0x00000000ec400000,0x00000000ec580000)
 ParOldGen       total 68608K, used 18735K [0x00000000c0000000, 0x00000000c4300000, 0x00000000eab00000)
  object space 68608K, 27% used [0x00000000c0000000,0x00000000c124bd58,0x00000000c4300000)
 Metaspace       used 37787K, committed 38848K, reserved 1114112K
  class space    used 3844K, committed 4288K, reserved 1048576K
}
Event: 11.700 GC heap before
{Heap before GC invocations=17 (full 2):
 PSYoungGen      total 23552K, used 23369K [0x00000000eab00000, 0x00000000ec700000, 0x0000000100000000)
  eden space 22016K, 100% used [0x00000000eab00000,0x00000000ec080000,0x00000000ec080000)
  from space 1536K, 88% used [0x00000000ec580000,0x00000000ec6d2648,0x00000000ec700000)
  to   space 1536K, 0% used [0x00000000ec400000,0x00000000ec400000,0x00000000ec580000)
 ParOldGen       total 68608K, used 18741K [0x00000000c0000000, 0x00000000c4300000, 0x00000000eab00000)
  object space 68608K, 27% used [0x00000000c0000000,0x00000000c124d7c8,0x00000000c4300000)
 Metaspace       used 40384K, committed 41536K, reserved 1114112K
  class space    used 4177K, committed 4672K, reserved 1048576K
}
Event: 11.702 GC heap after
{Heap after GC invocations=17 (full 2):
 PSYoungGen      total 23552K, used 1492K [0x00000000eab00000, 0x00000000ec600000, 0x0000000100000000)
  eden space 22016K, 0% used [0x00000000eab00000,0x00000000eab00000,0x00000000ec080000)
  from space 1536K, 97% used [0x00000000ec400000,0x00000000ec575020,0x00000000ec580000)
  to   space 512K, 0% used [0x00000000ec580000,0x00000000ec580000,0x00000000ec600000)
 ParOldGen       total 68608K, used 20025K [0x00000000c0000000, 0x00000000c4300000, 0x00000000eab00000)
  object space 68608K, 29% used [0x00000000c0000000,0x00000000c138e7a8,0x00000000c4300000)
 Metaspace       used 40384K, committed 41536K, reserved 1114112K
  class space    used 4177K, committed 4672K, reserved 1048576K
}

